[debug] [2026-04-01T14:21:08.056Z] ----------------------------------------------------------------------
[debug] [2026-04-01T14:21:08.094Z] Command:       C:\nvm4w\nodejs\node.exe C:\nvm4w\nodejs\node_modules\firebase-tools\lib\bin\firebase.js apphosting:backends:list --project driving4dollars-d4d
[debug] [2026-04-01T14:21:08.099Z] CLI Version:   15.3.1
[debug] [2026-04-01T14:21:08.100Z] Platform:      win32
[debug] [2026-04-01T14:21:08.101Z] Node Version:  v20.18.0
[debug] [2026-04-01T14:21:08.103Z] Time:          Wed Apr 01 2026 10:21:08 GMT-0400 (Eastern Daylight Time)
[debug] [2026-04-01T14:21:08.105Z] ----------------------------------------------------------------------
[debug] 
[debug] [2026-04-01T14:21:09.640Z] > command requires scopes: ["email","openid","https://www.googleapis.com/auth/cloudplatformprojects.readonly","https://www.googleapis.com/auth/firebase","https://www.googleapis.com/auth/cloud-platform"]
[debug] [2026-04-01T14:21:09.655Z] > authorizing via signed-in user (velocityaisolutions@gmail.com)
[debug] [2026-04-01T14:21:09.666Z] Checked if tokens are valid: true, expires at: 1775056761773
[debug] [2026-04-01T14:21:09.667Z] Checked if tokens are valid: true, expires at: 1775056761773
[debug] [2026-04-01T14:21:09.674Z] >>> [apiv2][query] GET https://firebaseapphosting.googleapis.com/v1beta/projects/driving4dollars-d4d/locations/-/backends 
[debug] [2026-04-01T14:21:10.635Z] <<< [apiv2][status] GET https://firebaseapphosting.googleapis.com/v1beta/projects/driving4dollars-d4d/locations/-/backends 200
[debug] [2026-04-01T14:21:10.637Z] <<< [apiv2][body] GET https://firebaseapphosting.googleapis.com/v1beta/projects/driving4dollars-d4d/locations/-/backends {"backends":[{"name":"projects/driving4dollars-d4d/locations/us-central1/backends/admin-d4d","createTime":"2025-11-05T15:22:58.297159055Z","updateTime":"2025-11-19T05:00:58.304275Z","uri":"admin-d4d--driving4dollars-d4d.us-central1.hosted.app","managedResources":[{"runService":{"service":"projects/143753814618/locations/us-central1/services/admin-d4d"}}],"codebase":{"repository":"projects/driving4dollars-d4d/locations/us-central1/connections/apphosting-github-conn-sudkl6/gitRepositoryLinks/DBLooper92-admin-d4d","rootDirectory":"/"},"uid":"82f73267-4569-4e7c-8c89-c8df89dd4bbd","etag":"8_gYZl3lKSELXPy2B4LXziVZlEZ1BD9QnlAHE8NFKKk","reconciling":false,"servingLocality":"GLOBAL_ACCESS","serviceAccount":"firebase-app-hosting-compute@driving4dollars-d4d.iam.gserviceaccount.com","appId":"1:143753814618:web:6d3000d0a1b2d7b60eae63"},{"name":"projects/driving4dollars-d4d/locations/us-central1/backends/ghl","createTime":"2025-09-25T03:38:35.015491498Z","updateTime":"2026-01-17T21:39:34.345768Z","uri":"ghl--driving4dollars-d4d.us-central1.hosted.app","managedResources":[{"runService":{"service":"projects/143753814618/locations/us-central1/services/ghl"}}],"codebase":{"repository":"projects/driving4dollars-d4d/locations/us-central1/connections/apphosting-github-conn-sudkl6/gitRepositoryLinks/DBLooper92-d4d","rootDirectory":"/"},"uid":"c4e439a0-cd6f-4b36-9eef-37b0ae29033b","etag":"j4yMHQ7JrcNXiFp4MlySPYUYmmtoeZ_Q5S0oYckA57M","reconciling":false,"servingLocality":"GLOBAL_ACCESS","serviceAccount":"firebase-app-hosting-compute@driving4dollars-d4d.iam.gserviceaccount.com","appId":"1:143753814618:web:3525b979c3a888240eae63"},{"name":"projects/driving4dollars-d4d/locations/us-central1/backends/d4d-map","createTime":"2025-10-21T07:54:59.995837398Z","updateTime":"2026-03-25T20:26:11.313353Z","uri":"d4d-map--driving4dollars-d4d.us-central1.hosted.app","managedResources":[{"runService":{"service":"projects/143753814618/locations/us-central1/services/d4d-map"}}],"codebase":{"repository":"projects/driving4dollars-d4d/locations/us-central1/connections/apphosting-github-conn-sudkl6/gitRepositoryLinks/DBLooper92-d4d-map","rootDirectory":"/"},"uid":"bd4dd14d-f919-413e-97b3-64116ca0cbac","etag":"bj5cNwaPi45JpXjFc2ey81hwVx-gVqAezbaM3ceg5dk","reconciling":false,"servingLocality":"GLOBAL_ACCESS","serviceAccount":"firebase-app-hosting-compute@driving4dollars-d4d.iam.gserviceaccount.com","appId":"1:143753814618:web:0a2737f62638368c0eae63"},{"name":"projects/driving4dollars-d4d/locations/us-east4/backends/d4d-frontend","createTime":"2026-03-11T05:01:17.462170522Z","updateTime":"2026-03-16T03:00:03.924843Z","uri":"d4d-frontend--driving4dollars-d4d.us-east4.hosted.app","managedResources":[{"runService":{"service":"projects/143753814618/locations/us-east4/services/d4d-frontend"}}],"codebase":{"repository":"projects/driving4dollars-d4d/locations/us-east4/connections/apphosting-github-conn-9kccu6/gitRepositoryLinks/DBLooper92-d4d-frontend","rootDirectory":"/"},"uid":"1057cc95-c6ab-4d09-9c94-eaca7274ca34","etag":"tJtsNVJJ_hmQGpCNfwEAqMzw78oQDcDqSHOBdDm85NA","reconciling":false,"servingLocality":"GLOBAL_ACCESS","serviceAccount":"firebase-app-hosting-compute@driving4dollars-d4d.iam.gserviceaccount.com","appId":"1:143753814618:web:77f700d4eaf58d490eae63"}]}
[info] ┌──────────────┬─────────────────────────┬───────────────────────────────────────────────────────────────┬────────────────┬─────────────────────┐
│ Backend      │ Repository              │ URL                                                           │ Primary Region │ Updated Date        │
├──────────────┼─────────────────────────┼───────────────────────────────────────────────────────────────┼────────────────┼─────────────────────┤
│ admin-d4d    │ DBLooper92-admin-d4d    │ https://admin-d4d--driving4dollars-d4d.us-central1.hosted.app │ us-central1    │ 2025-11-19 00:00:58 │
├──────────────┼─────────────────────────┼───────────────────────────────────────────────────────────────┼────────────────┼─────────────────────┤
│ ghl          │ DBLooper92-d4d          │ https://ghl--driving4dollars-d4d.us-central1.hosted.app       │ us-central1    │ 2026-01-17 16:39:34 │
├──────────────┼─────────────────────────┼───────────────────────────────────────────────────────────────┼────────────────┼─────────────────────┤
│ d4d-map      │ DBLooper92-d4d-map      │ https://d4d-map--driving4dollars-d4d.us-central1.hosted.app   │ us-central1    │ 2026-03-25 16:26:11 │
├──────────────┼─────────────────────────┼───────────────────────────────────────────────────────────────┼────────────────┼─────────────────────┤
│ d4d-frontend │ DBLooper92-d4d-frontend │ https://d4d-frontend--driving4dollars-d4d.us-east4.hosted.app │ us-east4       │ 2026-03-15 23:00:03 │
└──────────────┴─────────────────────────┴───────────────────────────────────────────────────────────────┴────────────────┴─────────────────────┘
[debug] [2026-04-01T14:21:47.665Z] ----------------------------------------------------------------------
[debug] [2026-04-01T14:21:47.685Z] Command:       C:\nvm4w\nodejs\node.exe C:\nvm4w\nodejs\node_modules\firebase-tools\lib\bin\firebase.js apphosting:backends:get ghl --project driving4dollars-d4d --json
[debug] [2026-04-01T14:21:47.687Z] CLI Version:   15.3.1
[debug] [2026-04-01T14:21:47.689Z] Platform:      win32
[debug] [2026-04-01T14:21:47.689Z] Node Version:  v20.18.0
[debug] [2026-04-01T14:21:47.690Z] Time:          Wed Apr 01 2026 10:21:47 GMT-0400 (Eastern Daylight Time)
[debug] [2026-04-01T14:21:47.691Z] ----------------------------------------------------------------------
[debug] 
[debug] [2026-04-01T14:21:50.617Z] > command requires scopes: ["email","openid","https://www.googleapis.com/auth/cloudplatformprojects.readonly","https://www.googleapis.com/auth/firebase","https://www.googleapis.com/auth/cloud-platform"]
[debug] [2026-04-01T14:21:50.619Z] > authorizing via signed-in user (velocityaisolutions@gmail.com)
[debug] [2026-04-01T14:21:50.625Z] Checked if tokens are valid: true, expires at: 1775056761773
[debug] [2026-04-01T14:21:50.626Z] Checked if tokens are valid: true, expires at: 1775056761773
[debug] [2026-04-01T14:21:50.631Z] >>> [apiv2][query] GET https://firebaseapphosting.googleapis.com/v1beta/projects/driving4dollars-d4d/locations/-/backends 
[debug] [2026-04-01T14:21:48.004Z] ----------------------------------------------------------------------
[debug] [2026-04-01T14:21:48.023Z] Command:       C:\nvm4w\nodejs\node.exe C:\nvm4w\nodejs\node_modules\firebase-tools\lib\bin\firebase.js apphosting:backends:get d4d-map --project driving4dollars-d4d --json
[debug] [2026-04-01T14:21:48.026Z] CLI Version:   15.3.1
[debug] [2026-04-01T14:21:48.027Z] Platform:      win32
[debug] [2026-04-01T14:21:48.028Z] Node Version:  v20.18.0
[debug] [2026-04-01T14:21:48.029Z] Time:          Wed Apr 01 2026 10:21:48 GMT-0400 (Eastern Daylight Time)
[debug] [2026-04-01T14:21:48.031Z] ----------------------------------------------------------------------
[debug] 
[debug] [2026-04-01T14:21:50.625Z] > command requires scopes: ["email","openid","https://www.googleapis.com/auth/cloudplatformprojects.readonly","https://www.googleapis.com/auth/firebase","https://www.googleapis.com/auth/cloud-platform"]
[debug] [2026-04-01T14:21:50.628Z] > authorizing via signed-in user (velocityaisolutions@gmail.com)
[debug] [2026-04-01T14:21:50.634Z] Checked if tokens are valid: true, expires at: 1775056761773
[debug] [2026-04-01T14:21:50.635Z] Checked if tokens are valid: true, expires at: 1775056761773
[debug] [2026-04-01T14:21:50.645Z] >>> [apiv2][query] GET https://firebaseapphosting.googleapis.com/v1beta/projects/driving4dollars-d4d/locations/-/backends 
[debug] [2026-04-01T14:21:51.476Z] <<< [apiv2][status] GET https://firebaseapphosting.googleapis.com/v1beta/projects/driving4dollars-d4d/locations/-/backends 200
[debug] [2026-04-01T14:21:51.542Z] <<< [apiv2][status] GET https://firebaseapphosting.googleapis.com/v1beta/projects/driving4dollars-d4d/locations/-/backends 200
[debug] [2026-04-01T14:21:51.543Z] <<< [apiv2][body] GET https://firebaseapphosting.googleapis.com/v1beta/projects/driving4dollars-d4d/locations/-/backends {"backends":[{"name":"projects/driving4dollars-d4d/locations/us-central1/backends/admin-d4d","createTime":"2025-11-05T15:22:58.297159055Z","updateTime":"2025-11-19T05:00:58.304275Z","uri":"admin-d4d--driving4dollars-d4d.us-central1.hosted.app","managedResources":[{"runService":{"service":"projects/143753814618/locations/us-central1/services/admin-d4d"}}],"codebase":{"repository":"projects/driving4dollars-d4d/locations/us-central1/connections/apphosting-github-conn-sudkl6/gitRepositoryLinks/DBLooper92-admin-d4d","rootDirectory":"/"},"uid":"82f73267-4569-4e7c-8c89-c8df89dd4bbd","etag":"8_gYZl3lKSELXPy2B4LXziVZlEZ1BD9QnlAHE8NFKKk","reconciling":false,"servingLocality":"GLOBAL_ACCESS","serviceAccount":"firebase-app-hosting-compute@driving4dollars-d4d.iam.gserviceaccount.com","appId":"1:143753814618:web:6d3000d0a1b2d7b60eae63"},{"name":"projects/driving4dollars-d4d/locations/us-central1/backends/ghl","createTime":"2025-09-25T03:38:35.015491498Z","updateTime":"2026-01-17T21:39:34.345768Z","uri":"ghl--driving4dollars-d4d.us-central1.hosted.app","managedResources":[{"runService":{"service":"projects/143753814618/locations/us-central1/services/ghl"}}],"codebase":{"repository":"projects/driving4dollars-d4d/locations/us-central1/connections/apphosting-github-conn-sudkl6/gitRepositoryLinks/DBLooper92-d4d","rootDirectory":"/"},"uid":"c4e439a0-cd6f-4b36-9eef-37b0ae29033b","etag":"j4yMHQ7JrcNXiFp4MlySPYUYmmtoeZ_Q5S0oYckA57M","reconciling":false,"servingLocality":"GLOBAL_ACCESS","serviceAccount":"firebase-app-hosting-compute@driving4dollars-d4d.iam.gserviceaccount.com","appId":"1:143753814618:web:3525b979c3a888240eae63"},{"name":"projects/driving4dollars-d4d/locations/us-central1/backends/d4d-map","createTime":"2025-10-21T07:54:59.995837398Z","updateTime":"2026-03-25T20:26:11.313353Z","uri":"d4d-map--driving4dollars-d4d.us-central1.hosted.app","managedResources":[{"runService":{"service":"projects/143753814618/locations/us-central1/services/d4d-map"}}],"codebase":{"repository":"projects/driving4dollars-d4d/locations/us-central1/connections/apphosting-github-conn-sudkl6/gitRepositoryLinks/DBLooper92-d4d-map","rootDirectory":"/"},"uid":"bd4dd14d-f919-413e-97b3-64116ca0cbac","etag":"bj5cNwaPi45JpXjFc2ey81hwVx-gVqAezbaM3ceg5dk","reconciling":false,"servingLocality":"GLOBAL_ACCESS","serviceAccount":"firebase-app-hosting-compute@driving4dollars-d4d.iam.gserviceaccount.com","appId":"1:143753814618:web:0a2737f62638368c0eae63"},{"name":"projects/driving4dollars-d4d/locations/us-east4/backends/d4d-frontend","createTime":"2026-03-11T05:01:17.462170522Z","updateTime":"2026-03-16T03:00:03.924843Z","uri":"d4d-frontend--driving4dollars-d4d.us-east4.hosted.app","managedResources":[{"runService":{"service":"projects/143753814618/locations/us-east4/services/d4d-frontend"}}],"codebase":{"repository":"projects/driving4dollars-d4d/locations/us-east4/connections/apphosting-github-conn-9kccu6/gitRepositoryLinks/DBLooper92-d4d-frontend","rootDirectory":"/"},"uid":"1057cc95-c6ab-4d09-9c94-eaca7274ca34","etag":"tJtsNVJJ_hmQGpCNfwEAqMzw78oQDcDqSHOBdDm85NA","reconciling":false,"servingLocality":"GLOBAL_ACCESS","serviceAccount":"firebase-app-hosting-compute@driving4dollars-d4d.iam.gserviceaccount.com","appId":"1:143753814618:web:77f700d4eaf58d490eae63"}]}
[info] ┌─────────┬────────────────────┬─────────────────────────────────────────────────────────────┬────────────────┬─────────────────────┐
│ Backend │ Repository         │ URL                                                         │ Primary Region │ Updated Date        │
├─────────┼────────────────────┼─────────────────────────────────────────────────────────────┼────────────────┼─────────────────────┤
│ d4d-map │ DBLooper92-d4d-map │ https://d4d-map--driving4dollars-d4d.us-central1.hosted.app │ us-central1    │ 2026-03-25 16:26:11 │
└─────────┴────────────────────┴─────────────────────────────────────────────────────────────┴────────────────┴─────────────────────┘
[debug] [2026-04-01T14:21:51.478Z] <<< [apiv2][body] GET https://firebaseapphosting.googleapis.com/v1beta/projects/driving4dollars-d4d/locations/-/backends {"backends":[{"name":"projects/driving4dollars-d4d/locations/us-central1/backends/admin-d4d","createTime":"2025-11-05T15:22:58.297159055Z","updateTime":"2025-11-19T05:00:58.304275Z","uri":"admin-d4d--driving4dollars-d4d.us-central1.hosted.app","managedResources":[{"runService":{"service":"projects/143753814618/locations/us-central1/services/admin-d4d"}}],"codebase":{"repository":"projects/driving4dollars-d4d/locations/us-central1/connections/apphosting-github-conn-sudkl6/gitRepositoryLinks/DBLooper92-admin-d4d","rootDirectory":"/"},"uid":"82f73267-4569-4e7c-8c89-c8df89dd4bbd","etag":"8_gYZl3lKSELXPy2B4LXziVZlEZ1BD9QnlAHE8NFKKk","reconciling":false,"servingLocality":"GLOBAL_ACCESS","serviceAccount":"firebase-app-hosting-compute@driving4dollars-d4d.iam.gserviceaccount.com","appId":"1:143753814618:web:6d3000d0a1b2d7b60eae63"},{"name":"projects/driving4dollars-d4d/locations/us-central1/backends/ghl","createTime":"2025-09-25T03:38:35.015491498Z","updateTime":"2026-01-17T21:39:34.345768Z","uri":"ghl--driving4dollars-d4d.us-central1.hosted.app","managedResources":[{"runService":{"service":"projects/143753814618/locations/us-central1/services/ghl"}}],"codebase":{"repository":"projects/driving4dollars-d4d/locations/us-central1/connections/apphosting-github-conn-sudkl6/gitRepositoryLinks/DBLooper92-d4d","rootDirectory":"/"},"uid":"c4e439a0-cd6f-4b36-9eef-37b0ae29033b","etag":"j4yMHQ7JrcNXiFp4MlySPYUYmmtoeZ_Q5S0oYckA57M","reconciling":false,"servingLocality":"GLOBAL_ACCESS","serviceAccount":"firebase-app-hosting-compute@driving4dollars-d4d.iam.gserviceaccount.com","appId":"1:143753814618:web:3525b979c3a888240eae63"},{"name":"projects/driving4dollars-d4d/locations/us-central1/backends/d4d-map","createTime":"2025-10-21T07:54:59.995837398Z","updateTime":"2026-03-25T20:26:11.313353Z","uri":"d4d-map--driving4dollars-d4d.us-central1.hosted.app","managedResources":[{"runService":{"service":"projects/143753814618/locations/us-central1/services/d4d-map"}}],"codebase":{"repository":"projects/driving4dollars-d4d/locations/us-central1/connections/apphosting-github-conn-sudkl6/gitRepositoryLinks/DBLooper92-d4d-map","rootDirectory":"/"},"uid":"bd4dd14d-f919-413e-97b3-64116ca0cbac","etag":"bj5cNwaPi45JpXjFc2ey81hwVx-gVqAezbaM3ceg5dk","reconciling":false,"servingLocality":"GLOBAL_ACCESS","serviceAccount":"firebase-app-hosting-compute@driving4dollars-d4d.iam.gserviceaccount.com","appId":"1:143753814618:web:0a2737f62638368c0eae63"},{"name":"projects/driving4dollars-d4d/locations/us-east4/backends/d4d-frontend","createTime":"2026-03-11T05:01:17.462170522Z","updateTime":"2026-03-16T03:00:03.924843Z","uri":"d4d-frontend--driving4dollars-d4d.us-east4.hosted.app","managedResources":[{"runService":{"service":"projects/143753814618/locations/us-east4/services/d4d-frontend"}}],"codebase":{"repository":"projects/driving4dollars-d4d/locations/us-east4/connections/apphosting-github-conn-9kccu6/gitRepositoryLinks/DBLooper92-d4d-frontend","rootDirectory":"/"},"uid":"1057cc95-c6ab-4d09-9c94-eaca7274ca34","etag":"tJtsNVJJ_hmQGpCNfwEAqMzw78oQDcDqSHOBdDm85NA","reconciling":false,"servingLocality":"GLOBAL_ACCESS","serviceAccount":"firebase-app-hosting-compute@driving4dollars-d4d.iam.gserviceaccount.com","appId":"1:143753814618:web:77f700d4eaf58d490eae63"}]}
[info] ┌─────────┬────────────────┬─────────────────────────────────────────────────────────┬────────────────┬─────────────────────┐
│ Backend │ Repository     │ URL                                                     │ Primary Region │ Updated Date        │
├─────────┼────────────────┼─────────────────────────────────────────────────────────┼────────────────┼─────────────────────┤
│ ghl     │ DBLooper92-d4d │ https://ghl--driving4dollars-d4d.us-central1.hosted.app │ us-central1    │ 2026-01-17 16:39:34 │
└─────────┴────────────────┴─────────────────────────────────────────────────────────┴────────────────┴─────────────────────┘
[debug] [2026-04-01T14:21:48.255Z] ----------------------------------------------------------------------
[debug] [2026-04-01T14:21:48.393Z] Command:       C:\nvm4w\nodejs\node.exe C:\nvm4w\nodejs\node_modules\firebase-tools\lib\bin\firebase.js apphosting:backends:get admin-d4d --project driving4dollars-d4d --json
[debug] [2026-04-01T14:21:48.396Z] CLI Version:   15.3.1
[debug] [2026-04-01T14:21:48.398Z] Platform:      win32
[debug] [2026-04-01T14:21:48.399Z] Node Version:  v20.18.0
[debug] [2026-04-01T14:21:48.400Z] Time:          Wed Apr 01 2026 10:21:48 GMT-0400 (Eastern Daylight Time)
[debug] [2026-04-01T14:21:48.401Z] ----------------------------------------------------------------------
[debug] 
[debug] [2026-04-01T14:21:51.367Z] > command requires scopes: ["email","openid","https://www.googleapis.com/auth/cloudplatformprojects.readonly","https://www.googleapis.com/auth/firebase","https://www.googleapis.com/auth/cloud-platform"]
[debug] [2026-04-01T14:21:51.369Z] > authorizing via signed-in user (velocityaisolutions@gmail.com)
[debug] [2026-04-01T14:21:51.382Z] Checked if tokens are valid: true, expires at: 1775056761773
[debug] [2026-04-01T14:21:51.383Z] Checked if tokens are valid: true, expires at: 1775056761773
[debug] [2026-04-01T14:21:51.390Z] >>> [apiv2][query] GET https://firebaseapphosting.googleapis.com/v1beta/projects/driving4dollars-d4d/locations/-/backends 
[debug] [2026-04-01T14:21:52.187Z] <<< [apiv2][status] GET https://firebaseapphosting.googleapis.com/v1beta/projects/driving4dollars-d4d/locations/-/backends 200
[debug] [2026-04-01T14:21:52.188Z] <<< [apiv2][body] GET https://firebaseapphosting.googleapis.com/v1beta/projects/driving4dollars-d4d/locations/-/backends {"backends":[{"name":"projects/driving4dollars-d4d/locations/us-central1/backends/admin-d4d","createTime":"2025-11-05T15:22:58.297159055Z","updateTime":"2025-11-19T05:00:58.304275Z","uri":"admin-d4d--driving4dollars-d4d.us-central1.hosted.app","managedResources":[{"runService":{"service":"projects/143753814618/locations/us-central1/services/admin-d4d"}}],"codebase":{"repository":"projects/driving4dollars-d4d/locations/us-central1/connections/apphosting-github-conn-sudkl6/gitRepositoryLinks/DBLooper92-admin-d4d","rootDirectory":"/"},"uid":"82f73267-4569-4e7c-8c89-c8df89dd4bbd","etag":"8_gYZl3lKSELXPy2B4LXziVZlEZ1BD9QnlAHE8NFKKk","reconciling":false,"servingLocality":"GLOBAL_ACCESS","serviceAccount":"firebase-app-hosting-compute@driving4dollars-d4d.iam.gserviceaccount.com","appId":"1:143753814618:web:6d3000d0a1b2d7b60eae63"},{"name":"projects/driving4dollars-d4d/locations/us-central1/backends/ghl","createTime":"2025-09-25T03:38:35.015491498Z","updateTime":"2026-01-17T21:39:34.345768Z","uri":"ghl--driving4dollars-d4d.us-central1.hosted.app","managedResources":[{"runService":{"service":"projects/143753814618/locations/us-central1/services/ghl"}}],"codebase":{"repository":"projects/driving4dollars-d4d/locations/us-central1/connections/apphosting-github-conn-sudkl6/gitRepositoryLinks/DBLooper92-d4d","rootDirectory":"/"},"uid":"c4e439a0-cd6f-4b36-9eef-37b0ae29033b","etag":"j4yMHQ7JrcNXiFp4MlySPYUYmmtoeZ_Q5S0oYckA57M","reconciling":false,"servingLocality":"GLOBAL_ACCESS","serviceAccount":"firebase-app-hosting-compute@driving4dollars-d4d.iam.gserviceaccount.com","appId":"1:143753814618:web:3525b979c3a888240eae63"},{"name":"projects/driving4dollars-d4d/locations/us-central1/backends/d4d-map","createTime":"2025-10-21T07:54:59.995837398Z","updateTime":"2026-03-25T20:26:11.313353Z","uri":"d4d-map--driving4dollars-d4d.us-central1.hosted.app","managedResources":[{"runService":{"service":"projects/143753814618/locations/us-central1/services/d4d-map"}}],"codebase":{"repository":"projects/driving4dollars-d4d/locations/us-central1/connections/apphosting-github-conn-sudkl6/gitRepositoryLinks/DBLooper92-d4d-map","rootDirectory":"/"},"uid":"bd4dd14d-f919-413e-97b3-64116ca0cbac","etag":"bj5cNwaPi45JpXjFc2ey81hwVx-gVqAezbaM3ceg5dk","reconciling":false,"servingLocality":"GLOBAL_ACCESS","serviceAccount":"firebase-app-hosting-compute@driving4dollars-d4d.iam.gserviceaccount.com","appId":"1:143753814618:web:0a2737f62638368c0eae63"},{"name":"projects/driving4dollars-d4d/locations/us-east4/backends/d4d-frontend","createTime":"2026-03-11T05:01:17.462170522Z","updateTime":"2026-03-16T03:00:03.924843Z","uri":"d4d-frontend--driving4dollars-d4d.us-east4.hosted.app","managedResources":[{"runService":{"service":"projects/143753814618/locations/us-east4/services/d4d-frontend"}}],"codebase":{"repository":"projects/driving4dollars-d4d/locations/us-east4/connections/apphosting-github-conn-9kccu6/gitRepositoryLinks/DBLooper92-d4d-frontend","rootDirectory":"/"},"uid":"1057cc95-c6ab-4d09-9c94-eaca7274ca34","etag":"tJtsNVJJ_hmQGpCNfwEAqMzw78oQDcDqSHOBdDm85NA","reconciling":false,"servingLocality":"GLOBAL_ACCESS","serviceAccount":"firebase-app-hosting-compute@driving4dollars-d4d.iam.gserviceaccount.com","appId":"1:143753814618:web:77f700d4eaf58d490eae63"}]}
[info] ┌───────────┬──────────────────────┬───────────────────────────────────────────────────────────────┬────────────────┬─────────────────────┐
│ Backend   │ Repository           │ URL                                                           │ Primary Region │ Updated Date        │
├───────────┼──────────────────────┼───────────────────────────────────────────────────────────────┼────────────────┼─────────────────────┤
│ admin-d4d │ DBLooper92-admin-d4d │ https://admin-d4d--driving4dollars-d4d.us-central1.hosted.app │ us-central1    │ 2025-11-19 00:00:58 │
└───────────┴──────────────────────┴───────────────────────────────────────────────────────────────┴────────────────┴─────────────────────┘
